<?xml version="1.0" encoding="UTF-8"?>
<testsuite xmlns:xsi="http://www.w3.org/2001/XMLSchema-instance" xsi:noNamespaceSchemaLocation="https://maven.apache.org/surefire/maven-surefire-plugin/xsd/surefire-test-report-3.0.xsd" version="3.0" name="core.CalcTest" time="0.304" tests="14" errors="0" skipped="0" failures="5">
  <properties>
[...]
</properties>
  <testcase name="testPushOperand" classname="core.CalcTest" time="0.149"/>
  <testcase name="testPopOperand" classname="core.CalcTest" time="0.002"/>
  <testcase name="testPeekOperandN" classname="core.CalcTest" time="0.015"/>
  <testcase name="testDup" classname="core.CalcTest" time="0.002"/>
  <testcase name="testDup_emptyOperandStack" classname="core.CalcTest" time="0.008">
    <failure type="org.opentest4j.AssertionFailedError"><![CDATA[org.opentest4j.AssertionFailedError: Expected java.lang.IllegalStateException to be thrown, but nothing was thrown.
	at calc.core@0.0.1-SNAPSHOT/core.CalcTest.testDup_emptyOperandStack(CalcTest.java:113)
]]></failure>
  </testcase>
  <testcase name="testCalc" classname="core.CalcTest" time="0.001"/>
  <testcase name="testSwap" classname="core.CalcTest" time="0.005">
    <failure type="org.opentest4j.AssertionFailedError"><![CDATA[org.opentest4j.AssertionFailedError: Wrong value at #0 of operand stack ==> expected: <1.0> but was: <3.14>
	at calc.core@0.0.1-SNAPSHOT/core.CalcTest.checkCalc(CalcTest.java:11)
	at calc.core@0.0.1-SNAPSHOT/core.CalcTest.testSwap(CalcTest.java:91)
]]></failure>
  </testcase>
  <testcase name="testPopOperand_emptyStack" classname="core.CalcTest" time="0.002"/>
  <testcase name="testPerformOperation1_emptyOperandStack" classname="core.CalcTest" time="0.005">
    <failure type="org.opentest4j.AssertionFailedError"><![CDATA[org.opentest4j.AssertionFailedError: Expected java.lang.IllegalStateException to be thrown, but nothing was thrown.
	at calc.core@0.0.1-SNAPSHOT/core.CalcTest.testPerformOperation1_emptyOperandStack(CalcTest.java:69)
]]></failure>
  </testcase>
  <testcase name="testPerformOperation2_lessThanTwoOperands" classname="core.CalcTest" time="0.005"/>
  <testcase name="testPeekOperand" classname="core.CalcTest" time="0.003"/>
  <testcase name="testPerformOperation1" classname="core.CalcTest" time="0.003">
    <failure type="org.opentest4j.AssertionFailedError"><![CDATA[org.opentest4j.AssertionFailedError: expected: <-1.0> but was: <0.0>
	at calc.core@0.0.1-SNAPSHOT/core.CalcTest.testPerformOperation1(CalcTest.java:63)
]]></failure>
  </testcase>
  <testcase name="testPerformOperation2" classname="core.CalcTest" time="0.002"/>
  <testcase name="testSwap_lessThanTwoOperands" classname="core.CalcTest" time="0.003">
    <failure type="org.opentest4j.AssertionFailedError"><![CDATA[org.opentest4j.AssertionFailedError: Expected java.lang.IllegalStateException to be thrown, but nothing was thrown.
	at calc.core@0.0.1-SNAPSHOT/core.CalcTest.testSwap_lessThanTwoOperands(CalcTest.java:98)
]]></failure>
  </testcase>
</testsuite>